<?xml version="1.0" encoding="UTF-8"?>
<!-- Generated by org.testng.reporters.JUnitReportReporter -->
<testsuite hostname="DESKTOP-C2J8233" failures="0" tests="4" name="seleniumtest.test.FirstScriptTest" time="2.998" errors="0" timestamp="2022-08-08T10:40:51 CDT" skipped="0">
  <testcase classname="seleniumtest.test.FirstScriptTest" name="validateFirstNameEmpty" time="0.032"/>
  <system-out>
    <![CDATA[]]>
  </system-out>
  <testcase classname="seleniumtest.test.FirstScriptTest" name="validateFirstNameSpecial" time="0.068"/>
  <system-out>
    <![CDATA[]]>
  </system-out>
  <testcase classname="seleniumtest.test.FirstScriptTest" name="happyPath" time="2.791"/>
  <system-out/>
  <testcase classname="seleniumtest.test.FirstScriptTest" name="validateFirstName" time="0.107"/>
  <system-out>
    <![CDATA[]]>
  </system-out>
</testsuite> <!-- seleniumtest.test.FirstScriptTest -->
